2025-04-23 23:01:26,035 [INFO] ===== Initializing Economic Simulation =====
2025-04-23 23:01:26,035 [INFO] Creating factory in (10, 10)
2025-04-23 23:01:26,035 [INFO] Creating worker 0 at (12, 12)
2025-04-23 23:01:26,035 [INFO] Creating worker 1 at (6, 7)
2025-04-23 23:01:26,035 [INFO] Creating worker 2 at (16, 17)
2025-04-23 23:01:26,035 [INFO] Creating worker 3 at (9, 19)
2025-04-23 23:01:26,035 [INFO] Creating worker 4 at (8, 17)
2025-04-23 23:01:26,035 [INFO] Creating worker 5 at (7, 3)
2025-04-23 23:01:26,035 [INFO] Creating worker 6 at (4, 7)
2025-04-23 23:01:26,035 [INFO] Creating worker 7 at (16, 13)
2025-04-23 23:01:26,035 [INFO] Creating worker 8 at (7, 7)
2025-04-23 23:01:26,035 [INFO] Creating worker 9 at (18, 7)
2025-04-23 23:01:26,035 [INFO] Creating worker 10 at (17, 19)
2025-04-23 23:01:26,035 [INFO] Creating worker 11 at (14, 17)
2025-04-23 23:01:26,035 [INFO] Creating worker 12 at (0, 1)
2025-04-23 23:01:26,036 [INFO] Creating worker 13 at (14, 18)
2025-04-23 23:01:26,036 [INFO] Creating worker 14 at (3, 1)
2025-04-23 23:01:26,036 [INFO] Creating worker 15 at (10, 8)
2025-04-23 23:01:26,036 [INFO] Creating worker 16 at (0, 12)
2025-04-23 23:01:26,036 [INFO] Creating worker 17 at (18, 5)
2025-04-23 23:01:26,036 [INFO] Creating worker 18 at (13, 19)
2025-04-23 23:01:26,036 [INFO] Creating worker 19 at (18, 13)
2025-04-23 23:01:26,036 [INFO] Creating worker 20 at (1, 12)
2025-04-23 23:01:26,036 [INFO] Creating worker 21 at (8, 12)
2025-04-23 23:01:26,036 [INFO] Creating worker 22 at (19, 15)
2025-04-23 23:01:26,036 [INFO] Creating worker 23 at (17, 8)
2025-04-23 23:01:26,036 [INFO] Creating worker 24 at (1, 16)
2025-04-23 23:01:26,036 [INFO] Creating worker 25 at (6, 13)
2025-04-23 23:01:26,036 [INFO] Creating worker 26 at (0, 0)
2025-04-23 23:01:26,036 [INFO] Creating worker 27 at (13, 14)
2025-04-23 23:01:26,036 [INFO] Creating worker 28 at (0, 18)
2025-04-23 23:01:26,036 [INFO] Creating worker 29 at (11, 14)
2025-04-23 23:01:26,036 [INFO] Creating worker 30 at (16, 7)
2025-04-23 23:01:26,036 [INFO] Creating worker 31 at (19, 10)
2025-04-23 23:01:26,036 [INFO] Creating worker 32 at (5, 5)
2025-04-23 23:01:26,036 [INFO] Creating worker 33 at (18, 3)
2025-04-23 23:01:26,036 [INFO] Creating worker 34 at (10, 15)
2025-04-23 23:01:26,036 [INFO] Creating worker 35 at (15, 0)
2025-04-23 23:01:26,036 [INFO] Creating worker 36 at (12, 15)
2025-04-23 23:01:26,036 [INFO] Creating worker 37 at (9, 2)
2025-04-23 23:01:26,036 [INFO] Creating worker 38 at (1, 6)
2025-04-23 23:01:26,036 [INFO] Creating worker 39 at (13, 9)
2025-04-23 23:01:26,036 [INFO] Creating worker 40 at (10, 3)
2025-04-23 23:01:26,036 [INFO] Creating worker 41 at (3, 15)
2025-04-23 23:01:26,036 [INFO] Creating worker 42 at (14, 0)
2025-04-23 23:01:26,036 [INFO] Creating worker 43 at (1, 11)
2025-04-23 23:01:26,036 [INFO] Creating worker 44 at (14, 11)
2025-04-23 23:01:26,036 [INFO] Creating worker 45 at (12, 19)
2025-04-23 23:01:26,036 [INFO] Creating worker 46 at (14, 2)
2025-04-23 23:01:26,036 [INFO] Creating worker 47 at (17, 9)
2025-04-23 23:01:26,036 [INFO] Creating worker 48 at (16, 18)
2025-04-23 23:01:26,036 [INFO] Creating worker 49 at (1, 3)
2025-04-23 23:01:26,036 [INFO] 
=== Day 1 ===
2025-04-23 23:01:26,037 [INFO] Market prices : 60
2025-04-23 23:01:26,037 [INFO] Economy Summary:
- Unemployment: 20.0%
- Inventory: 80.0 
- Daily GDP: 4800.0
- Daily production: 80.0
- Average workers' Wealth: 109.0
- Factory wealth: -1500.0
- Market daily sales: 0.0

2025-04-23 23:01:26,037 [INFO] Economic Phase: An economic crisis occurred!
2025-04-23 23:01:26,037 [INFO] 
=== Day 2 ===
2025-04-23 23:01:26,037 [INFO] Market prices : 120
2025-04-23 23:01:26,037 [INFO] Economy Summary:
- Unemployment: 20.0%
- Inventory: 80.0 
- Daily GDP: 9600.0
- Daily production: 80.0
- Average workers' Wealth: 82.0
- Factory wealth: 600.0
- Market daily sales: 80.0

2025-04-23 23:01:26,037 [INFO] Economic Phase: An economic crisis occurred!
2025-04-23 23:01:26,037 [INFO] 
=== Day 3 ===
2025-04-23 23:01:26,038 [INFO] Market prices : 100.54545454545455
2025-04-23 23:01:26,038 [INFO] Economy Summary:
- Unemployment: 20.0%
- Inventory: 146.0 
- Daily GDP: 8043.6
- Daily production: 80.0
- Average workers' Wealth: 110.2
- Factory wealth: -30.9
- Market daily sales: 94.0

2025-04-23 23:01:26,038 [INFO] Economic Phase: An economic crisis occurred!
2025-04-23 23:01:26,038 [INFO] 
=== Day 4 ===
2025-04-23 23:01:26,038 [INFO] Market prices : 82.80771869639796
2025-04-23 23:01:26,038 [INFO] Economy Summary:
- Unemployment: 20.0%
- Inventory: 186.0 
- Daily GDP: 6624.6
- Daily production: 80.0
- Average workers' Wealth: 107.2
- Factory wealth: 2034.8
- Market daily sales: 134.0

2025-04-23 23:01:26,038 [INFO] Economic Phase: An economic crisis occurred!
2025-04-23 23:01:26,038 [INFO] 
=== Day 5 ===
2025-04-23 23:01:26,038 [INFO] Market prices : 67.72488421955406
2025-04-23 23:01:26,039 [INFO] Economy Summary:
- Unemployment: 20.0%
- Inventory: 220.0 
- Daily GDP: 5418.0
- Daily production: 80.0
- Average workers' Wealth: 99.2
- Factory wealth: 4189.4
- Market daily sales: 180.0

2025-04-23 23:01:26,039 [INFO] Economic Phase: An economic crisis occurred!
2025-04-23 23:01:26,039 [INFO] 
=== Day 6 ===
2025-04-23 23:01:26,039 [INFO] Market prices : 55.25150364493999
2025-04-23 23:01:26,039 [INFO] Economy Summary:
- Unemployment: 20.0%
- Inventory: 238.0 
- Daily GDP: 4420.1
- Daily production: 80.0
- Average workers' Wealth: 81.3
- Factory wealth: 6983.3
- Market daily sales: 242.0

2025-04-23 23:01:26,039 [INFO] Economic Phase: An economic crisis occurred!
2025-04-23 23:01:26,039 [INFO] 
=== Day 7 ===
2025-04-23 23:01:26,039 [INFO] Market prices : 44.97720718062811
2025-04-23 23:01:26,040 [INFO] Economy Summary:
- Unemployment: 20.0%
- Inventory: 258.0 
- Daily GDP: 3598.2
- Daily production: 80.0
- Average workers' Wealth: 67.3
- Factory wealth: 9098.9
- Market daily sales: 302.0

2025-04-23 23:01:26,040 [INFO] Economic Phase: An economic crisis occurred!
2025-04-23 23:01:26,040 [INFO] 
=== Day 8 ===
2025-04-23 23:01:26,040 [INFO] Market prices : 36.57986690381936
2025-04-23 23:01:26,040 [INFO] Economy Summary:
- Unemployment: 20.0%
- Inventory: 268.0 
- Daily GDP: 2926.4
- Daily production: 80.0
- Average workers' Wealth: 50.8
- Factory wealth: 11215.7
- Market daily sales: 372.0

2025-04-23 23:01:26,040 [INFO] Economic Phase: An economic crisis occurred!
2025-04-23 23:01:26,040 [INFO] 
=== Day 9 ===
2025-04-23 23:01:26,040 [INFO] Market prices : 29.725760529416846
2025-04-23 23:01:26,040 [INFO] Economy Summary:
- Unemployment: 20.0%
- Inventory: 278.0 
- Daily GDP: 2378.1
- Daily production: 80.0
- Average workers' Wealth: 36.8
- Factory wealth: 12881.8
- Market daily sales: 442.0

2025-04-23 23:01:26,040 [INFO] Economic Phase: An economic crisis occurred!
2025-04-23 23:01:26,040 [INFO] 
=== Day 10 ===
2025-04-23 23:01:26,041 [INFO] Market prices : 24.124656577809137
2025-04-23 23:01:26,041 [INFO] Economy Summary:
- Unemployment: 20.0%
- Inventory: 296.0 
- Daily GDP: 1930.0
- Daily production: 80.0
- Average workers' Wealth: 27.3
- Factory wealth: 13942.3
- Market daily sales: 504.0

2025-04-23 23:01:26,041 [INFO] Economic Phase: An economic crisis occurred!
2025-04-23 23:01:26,041 [INFO] 
=== Day 11 ===
2025-04-23 23:01:26,041 [INFO] Market prices : 19.528178449537172
2025-04-23 23:01:26,041 [INFO] Economy Summary:
- Unemployment: 20.0%
- Inventory: 344.0 
- Daily GDP: 1562.3
- Daily production: 80.0
- Average workers' Wealth: 26.2
- Factory wealth: 14023.7
- Market daily sales: 536.0

2025-04-23 23:01:26,041 [INFO] Economic Phase: An economic crisis occurred!
2025-04-23 23:01:26,041 [INFO] 
=== Day 12 ===
2025-04-23 23:01:26,042 [INFO] Market prices : 15.800719570300698
2025-04-23 23:01:26,042 [INFO] Economy Summary:
- Unemployment: 20.0%
- Inventory: 354.0 
- Daily GDP: 1264.1
- Daily production: 80.0
- Average workers' Wealth: 17.3
- Factory wealth: 14774.6
- Market daily sales: 606.0

2025-04-23 23:01:26,042 [INFO] Economic Phase: An economic crisis occurred!
2025-04-23 23:01:26,042 [INFO] 
=== Day 13 ===
2025-04-23 23:01:26,042 [INFO] Market prices : 12.770515784285795
2025-04-23 23:01:26,042 [INFO] Economy Summary:
- Unemployment: 20.0%
- Inventory: 384.0 
- Daily GDP: 1021.6
- Daily production: 80.0
- Average workers' Wealth: 12.8
- Factory wealth: 15009.3
- Market daily sales: 656.0

2025-04-23 23:01:26,042 [INFO] Economic Phase: An economic crisis occurred!
2025-04-23 23:01:26,042 [INFO] 
=== Day 14 ===
2025-04-23 23:01:26,043 [INFO] Market prices : 10.314950557862941
2025-04-23 23:01:26,043 [INFO] Economy Summary:
- Unemployment: 20.0%
- Inventory: 404.0 
- Daily GDP: 825.2
- Daily production: 80.0
- Average workers' Wealth: 7.2
- Factory wealth: 15269.2
- Market daily sales: 716.0

2025-04-23 23:01:26,043 [INFO] Economic Phase: An economic crisis occurred!
2025-04-23 23:01:26,043 [INFO] 
=== Day 15 ===
2025-04-23 23:01:26,043 [INFO] Market prices : 8.320910650554143
2025-04-23 23:01:26,043 [INFO] Economy Summary:
- Unemployment: 20.0%
- Inventory: 454.0 
- Daily GDP: 665.7
- Daily production: 80.0
- Average workers' Wealth: 5.2
- Factory wealth: 15112.2
- Market daily sales: 746.0

2025-04-23 23:01:26,043 [INFO] Economic Phase: An economic crisis occurred!
2025-04-23 23:01:26,043 [INFO] 
=== Day 16 ===
2025-04-23 23:01:26,043 [INFO] Market prices : 6.705105907946537
2025-04-23 23:01:26,043 [INFO] Economy Summary:
- Unemployment: 20.0%
- Inventory: 510.0 
- Daily GDP: 536.4
- Daily production: 80.0
- Average workers' Wealth: 3.6
- Factory wealth: 14877.8
- Market daily sales: 770.0

2025-04-23 23:01:26,044 [INFO] Economic Phase: An economic crisis occurred!
2025-04-23 23:01:26,044 [INFO] 
=== Day 17 ===
2025-04-23 23:01:26,044 [INFO] Market prices : 5.399449208994079
2025-04-23 23:01:26,044 [INFO] Economy Summary:
- Unemployment: 20.0%
- Inventory: 554.0 
- Daily GDP: 432.0
- Daily production: 80.0
- Average workers' Wealth: 0.8
- Factory wealth: 14711.2
- Market daily sales: 806.0

2025-04-23 23:01:26,044 [INFO] Economic Phase: An economic crisis occurred!
2025-04-23 23:01:26,044 [INFO] 
=== Day 18 ===
2025-04-23 23:01:26,044 [INFO] Market prices : 4.344837687462089
2025-04-23 23:01:26,044 [INFO] Economy Summary:
- Unemployment: 20.0%
- Inventory: 614.0 
- Daily GDP: 347.6
- Daily production: 80.0
- Average workers' Wealth: -1.1
- Factory wealth: 14432.3
- Market daily sales: 826.0

2025-04-23 23:01:26,044 [INFO] Economic Phase: An economic crisis occurred!
2025-04-23 23:01:26,044 [INFO] 
=== Day 19 ===
2025-04-23 23:01:26,045 [INFO] Market prices : 3.4942182820957783
2025-04-23 23:01:26,045 [INFO] Economy Summary:
- Unemployment: 20.0%
- Inventory: 672.0 
- Daily GDP: 279.5
- Daily production: 80.0
- Average workers' Wealth: -3.3
- Factory wealth: 14158.0
- Market daily sales: 848.0

2025-04-23 23:01:26,045 [INFO] Economic Phase: An economic crisis occurred!
2025-04-23 23:01:26,045 [INFO] 
=== Day 20 ===
2025-04-23 23:01:26,045 [INFO] Market prices : 2.8085703140531173
2025-04-23 23:01:26,045 [INFO] Economy Summary:
- Unemployment: 20.0%
- Inventory: 742.0 
- Daily GDP: 224.7
- Daily production: 80.0
- Average workers' Wealth: -5.2
- Factory wealth: 13836.8
- Market daily sales: 858.0

2025-04-23 23:01:26,045 [INFO] Economic Phase: An economic crisis occurred!
2025-04-23 23:01:26,045 [INFO] 
=== Day 21 ===
2025-04-23 23:01:26,046 [INFO] Market prices : 2.256319089227848
2025-04-23 23:01:26,046 [INFO] Economy Summary:
- Unemployment: 20.0%
- Inventory: 822.0 
- Daily GDP: 180.5
- Daily production: 80.0
- Average workers' Wealth: -7.1
- Factory wealth: 13491.7
- Market daily sales: 858.0

2025-04-23 23:01:26,046 [INFO] Economic Phase: An economic crisis occurred!
2025-04-23 23:01:26,046 [INFO] 
=== Day 22 ===
2025-04-23 23:01:26,046 [INFO] Market prices : 1.8119175557169134
2025-04-23 23:01:26,046 [INFO] Economy Summary:
- Unemployment: 20.0%
- Inventory: 902.0 
- Daily GDP: 145.0
- Daily production: 80.0
- Average workers' Wealth: -9.2
- Factory wealth: 13155.4
- Market daily sales: 858.0

2025-04-23 23:01:26,046 [INFO] Economic Phase: An economic crisis occurred!
2025-04-23 23:01:26,046 [INFO] 
=== Day 23 ===
2025-04-23 23:01:26,046 [INFO] Market prices : 1.4545559890184225
2025-04-23 23:01:26,046 [INFO] Economy Summary:
- Unemployment: 20.0%
- Inventory: 982.0 
- Daily GDP: 116.4
- Daily production: 80.0
- Average workers' Wealth: -11.5
- Factory wealth: 12826.3
- Market daily sales: 858.0

2025-04-23 23:01:26,047 [INFO] Economic Phase: An economic crisis occurred!
2025-04-23 23:01:26,047 [INFO] 
=== Day 24 ===
2025-04-23 23:01:26,047 [INFO] Market prices : 1.1673478359932983
2025-04-23 23:01:26,047 [INFO] Economy Summary:
- Unemployment: 20.0%
- Inventory: 1062.0 
- Daily GDP: 93.4
- Daily production: 80.0
- Average workers' Wealth: -13.9
- Factory wealth: 12503.0
- Market daily sales: 858.0

2025-04-23 23:01:26,047 [INFO] Economic Phase: An economic crisis occurred!
2025-04-23 23:01:26,047 [INFO] 
=== Day 25 ===
2025-04-23 23:01:26,047 [INFO] Market prices : 1
2025-04-23 23:01:26,047 [INFO] Economy Summary:
- Unemployment: 20.0%
- Inventory: 1142.0 
- Daily GDP: 80.0
- Daily production: 80.0
- Average workers' Wealth: -16.4
- Factory wealth: 12183.0
- Market daily sales: 858.0

2025-04-23 23:01:26,047 [INFO] Economic Phase: An economic crisis occurred!
2025-04-23 23:01:26,047 [INFO] 
=== Day 26 ===
2025-04-23 23:01:26,048 [INFO] Market prices : 1
2025-04-23 23:01:26,048 [INFO] Economy Summary:
- Unemployment: 20.0%
- Inventory: 1222.0 
- Daily GDP: 80.0
- Daily production: 80.0
- Average workers' Wealth: -19.0
- Factory wealth: 11863.0
- Market daily sales: 858.0

2025-04-23 23:01:26,048 [INFO] Economic Phase: An economic crisis occurred!
2025-04-23 23:01:26,048 [INFO] 
=== Day 27 ===
2025-04-23 23:01:26,048 [INFO] Market prices : 1
2025-04-23 23:01:26,048 [INFO] Economy Summary:
- Unemployment: 20.0%
- Inventory: 1302.0 
- Daily GDP: 80.0
- Daily production: 80.0
- Average workers' Wealth: -21.6
- Factory wealth: 11543.0
- Market daily sales: 858.0

2025-04-23 23:01:26,048 [INFO] Economic Phase: An economic crisis occurred!
2025-04-23 23:01:26,048 [INFO] 
=== Day 28 ===
2025-04-23 23:01:26,049 [INFO] Market prices : 1
2025-04-23 23:01:26,049 [INFO] Economy Summary:
- Unemployment: 20.0%
- Inventory: 1382.0 
- Daily GDP: 80.0
- Daily production: 80.0
- Average workers' Wealth: -24.2
- Factory wealth: 11223.0
- Market daily sales: 858.0

2025-04-23 23:01:26,049 [INFO] Economic Phase: An economic crisis occurred!
2025-04-23 23:01:26,049 [INFO] 
=== Day 29 ===
2025-04-23 23:01:26,049 [INFO] Market prices : 1
2025-04-23 23:01:26,049 [INFO] Economy Summary:
- Unemployment: 20.0%
- Inventory: 1462.0 
- Daily GDP: 80.0
- Daily production: 80.0
- Average workers' Wealth: -26.8
- Factory wealth: 10903.0
- Market daily sales: 858.0

2025-04-23 23:01:26,049 [INFO] Economic Phase: An economic crisis occurred!
2025-04-23 23:01:26,049 [INFO] 
=== Day 30 ===
2025-04-23 23:01:26,049 [INFO] Market prices : 1
2025-04-23 23:01:26,049 [INFO] Factory 0 adjusted production ratio: 0.7218965507676873  
2025-04-23 23:01:26,050 [INFO] Economy Summary:
- Unemployment: 22.0%
- Inventory: 1540.0 
- Daily GDP: 78.0
- Daily production: 78.0
- Average workers' Wealth: -29.4
- Factory wealth: 10588.5
- Market daily sales: 858.0

2025-04-23 23:01:26,050 [INFO] Economic Phase: An economic crisis occurred!
2025-04-23 23:01:26,050 [INFO] 
=== Day 31 ===
2025-04-23 23:01:26,050 [INFO] Market prices : 1
2025-04-23 23:01:26,050 [INFO] Economy Summary:
- Unemployment: 22.0%
- Inventory: 1618.0 
- Daily GDP: 78.0
- Daily production: 78.0
- Average workers' Wealth: -32.1
- Factory wealth: 10274.0
- Market daily sales: 858.0

2025-04-23 23:01:26,050 [INFO] Economic Phase: An economic crisis occurred!
2025-04-23 23:01:26,050 [INFO] 
=== Day 32 ===
2025-04-23 23:01:26,050 [INFO] Market prices : 1
2025-04-23 23:01:26,050 [INFO] Economy Summary:
- Unemployment: 22.0%
- Inventory: 1696.0 
- Daily GDP: 78.0
- Daily production: 78.0
- Average workers' Wealth: -34.7
- Factory wealth: 9959.5
- Market daily sales: 858.0

2025-04-23 23:01:26,050 [INFO] Economic Phase: An economic crisis occurred!
2025-04-23 23:01:26,050 [INFO] 
=== Day 33 ===
2025-04-23 23:01:26,051 [INFO] Market prices : 1
2025-04-23 23:01:26,051 [INFO] Economy Summary:
- Unemployment: 22.0%
- Inventory: 1774.0 
- Daily GDP: 78.0
- Daily production: 78.0
- Average workers' Wealth: -37.3
- Factory wealth: 9645.0
- Market daily sales: 858.0

2025-04-23 23:01:26,051 [INFO] Economic Phase: An economic crisis occurred!
2025-04-23 23:01:26,051 [INFO] 
=== Day 34 ===
2025-04-23 23:01:26,051 [INFO] Market prices : 1
2025-04-23 23:01:26,051 [INFO] Economy Summary:
- Unemployment: 22.0%
- Inventory: 1852.0 
- Daily GDP: 78.0
- Daily production: 78.0
- Average workers' Wealth: -39.9
- Factory wealth: 9330.5
- Market daily sales: 858.0

2025-04-23 23:01:26,051 [INFO] Economic Phase: An economic crisis occurred!
2025-04-23 23:01:26,051 [INFO] 
=== Day 35 ===
2025-04-23 23:01:26,052 [INFO] Market prices : 1
2025-04-23 23:01:26,052 [INFO] Economy Summary:
- Unemployment: 22.0%
- Inventory: 1930.0 
- Daily GDP: 78.0
- Daily production: 78.0
- Average workers' Wealth: -42.5
- Factory wealth: 9016.0
- Market daily sales: 858.0

2025-04-23 23:01:26,052 [INFO] Economic Phase: An economic crisis occurred!
2025-04-23 23:01:26,052 [INFO] 
=== Day 36 ===
2025-04-23 23:01:26,052 [INFO] Market prices : 1
2025-04-23 23:01:26,052 [INFO] Economy Summary:
- Unemployment: 22.0%
- Inventory: 2008.0 
- Daily GDP: 78.0
- Daily production: 78.0
- Average workers' Wealth: -45.1
- Factory wealth: 8701.5
- Market daily sales: 858.0

2025-04-23 23:01:26,052 [INFO] Economic Phase: An economic crisis occurred!
2025-04-23 23:01:26,052 [INFO] 
=== Day 37 ===
2025-04-23 23:01:26,052 [INFO] Market prices : 1
2025-04-23 23:01:26,053 [INFO] Economy Summary:
- Unemployment: 22.0%
- Inventory: 2086.0 
- Daily GDP: 78.0
- Daily production: 78.0
- Average workers' Wealth: -47.7
- Factory wealth: 8387.0
- Market daily sales: 858.0

2025-04-23 23:01:26,053 [INFO] Economic Phase: An economic crisis occurred!
2025-04-23 23:01:26,053 [INFO] 
=== Day 38 ===
2025-04-23 23:01:26,053 [INFO] Market prices : 1
2025-04-23 23:01:26,053 [INFO] Economy Summary:
- Unemployment: 22.0%
- Inventory: 2164.0 
- Daily GDP: 78.0
- Daily production: 78.0
- Average workers' Wealth: -50.3
- Factory wealth: 8072.5
- Market daily sales: 858.0

2025-04-23 23:01:26,053 [INFO] Economic Phase: An economic crisis occurred!
2025-04-23 23:01:26,053 [INFO] 
=== Day 39 ===
2025-04-23 23:01:26,053 [INFO] Market prices : 1
2025-04-23 23:01:26,053 [INFO] Economy Summary:
- Unemployment: 22.0%
- Inventory: 2242.0 
- Daily GDP: 78.0
- Daily production: 78.0
- Average workers' Wealth: -52.9
- Factory wealth: 7758.0
- Market daily sales: 858.0

2025-04-23 23:01:26,053 [INFO] Economic Phase: An economic crisis occurred!
2025-04-23 23:01:26,053 [INFO] 
=== Day 40 ===
2025-04-23 23:01:26,054 [INFO] Market prices : 1
2025-04-23 23:01:26,054 [INFO] Economy Summary:
- Unemployment: 22.0%
- Inventory: 2320.0 
- Daily GDP: 78.0
- Daily production: 78.0
- Average workers' Wealth: -55.5
- Factory wealth: 7443.5
- Market daily sales: 858.0

2025-04-23 23:01:26,054 [INFO] Economic Phase: An economic crisis occurred!
2025-04-23 23:01:26,054 [INFO] 
=== Day 41 ===
2025-04-23 23:01:26,054 [INFO] Market prices : 1
2025-04-23 23:01:26,054 [INFO] Economy Summary:
- Unemployment: 22.0%
- Inventory: 2398.0 
- Daily GDP: 78.0
- Daily production: 78.0
- Average workers' Wealth: -58.2
- Factory wealth: 7129.0
- Market daily sales: 858.0

2025-04-23 23:01:26,054 [INFO] Economic Phase: An economic crisis occurred!
2025-04-23 23:01:26,054 [INFO] 
=== Day 42 ===
2025-04-23 23:01:26,055 [INFO] Market prices : 1
2025-04-23 23:01:26,055 [INFO] Economy Summary:
- Unemployment: 22.0%
- Inventory: 2476.0 
- Daily GDP: 78.0
- Daily production: 78.0
- Average workers' Wealth: -60.8
- Factory wealth: 6814.5
- Market daily sales: 858.0

2025-04-23 23:01:26,055 [INFO] Economic Phase: An economic crisis occurred!
2025-04-23 23:01:26,055 [INFO] 
=== Day 43 ===
2025-04-23 23:01:26,055 [INFO] Market prices : 1
2025-04-23 23:01:26,055 [INFO] Economy Summary:
- Unemployment: 22.0%
- Inventory: 2554.0 
- Daily GDP: 78.0
- Daily production: 78.0
- Average workers' Wealth: -63.4
- Factory wealth: 6500.0
- Market daily sales: 858.0

2025-04-23 23:01:26,055 [INFO] Economic Phase: An economic crisis occurred!
2025-04-23 23:01:26,055 [INFO] 
=== Day 44 ===
2025-04-23 23:01:26,055 [INFO] Market prices : 1
2025-04-23 23:01:26,055 [INFO] Economy Summary:
- Unemployment: 22.0%
- Inventory: 2632.0 
- Daily GDP: 78.0
- Daily production: 78.0
- Average workers' Wealth: -66.0
- Factory wealth: 6185.5
- Market daily sales: 858.0

2025-04-23 23:01:26,056 [INFO] Economic Phase: An economic crisis occurred!
2025-04-23 23:01:26,056 [INFO] 
=== Day 45 ===
2025-04-23 23:01:26,056 [INFO] Market prices : 1
2025-04-23 23:01:26,056 [INFO] Economy Summary:
- Unemployment: 22.0%
- Inventory: 2710.0 
- Daily GDP: 78.0
- Daily production: 78.0
- Average workers' Wealth: -68.6
- Factory wealth: 5871.0
- Market daily sales: 858.0

2025-04-23 23:01:26,056 [INFO] Economic Phase: An economic crisis occurred!
2025-04-23 23:01:26,056 [INFO] 
=== Day 46 ===
2025-04-23 23:01:26,056 [INFO] Market prices : 1
2025-04-23 23:01:26,056 [INFO] Economy Summary:
- Unemployment: 22.0%
- Inventory: 2788.0 
- Daily GDP: 78.0
- Daily production: 78.0
- Average workers' Wealth: -71.2
- Factory wealth: 5556.5
- Market daily sales: 858.0

2025-04-23 23:01:26,056 [INFO] Economic Phase: An economic crisis occurred!
2025-04-23 23:01:26,056 [INFO] 
=== Day 47 ===
2025-04-23 23:01:26,057 [INFO] Market prices : 1
2025-04-23 23:01:26,057 [INFO] Economy Summary:
- Unemployment: 22.0%
- Inventory: 2866.0 
- Daily GDP: 78.0
- Daily production: 78.0
- Average workers' Wealth: -73.8
- Factory wealth: 5242.0
- Market daily sales: 858.0

2025-04-23 23:01:26,057 [INFO] Economic Phase: An economic crisis occurred!
2025-04-23 23:01:26,057 [INFO] 
=== Day 48 ===
2025-04-23 23:01:26,057 [INFO] Market prices : 1
2025-04-23 23:01:26,057 [INFO] Economy Summary:
- Unemployment: 22.0%
- Inventory: 2944.0 
- Daily GDP: 78.0
- Daily production: 78.0
- Average workers' Wealth: -76.4
- Factory wealth: 4927.5
- Market daily sales: 858.0

2025-04-23 23:01:26,057 [INFO] Economic Phase: An economic crisis occurred!
2025-04-23 23:01:26,057 [INFO] 
=== Day 49 ===
2025-04-23 23:01:26,057 [INFO] Market prices : 1
2025-04-23 23:01:26,058 [INFO] Economy Summary:
- Unemployment: 22.0%
- Inventory: 3022.0 
- Daily GDP: 78.0
- Daily production: 78.0
- Average workers' Wealth: -79.0
- Factory wealth: 4613.0
- Market daily sales: 858.0

2025-04-23 23:01:26,058 [INFO] Economic Phase: An economic crisis occurred!
2025-04-23 23:01:26,058 [INFO] 
=== Day 50 ===
2025-04-23 23:01:26,058 [INFO] Market prices : 1
2025-04-23 23:01:26,058 [INFO] Economy Summary:
- Unemployment: 22.0%
- Inventory: 3100.0 
- Daily GDP: 78.0
- Daily production: 78.0
- Average workers' Wealth: -81.6
- Factory wealth: 4298.5
- Market daily sales: 858.0

2025-04-23 23:01:26,058 [INFO] Economic Phase: An economic crisis occurred!
2025-04-23 23:01:26,058 [INFO] 
=== Day 51 ===
2025-04-23 23:01:26,058 [INFO] Market prices : 1
2025-04-23 23:01:26,058 [INFO] Economy Summary:
- Unemployment: 22.0%
- Inventory: 3178.0 
- Daily GDP: 78.0
- Daily production: 78.0
- Average workers' Wealth: -84.3
- Factory wealth: 3984.0
- Market daily sales: 858.0

2025-04-23 23:01:26,058 [INFO] Economic Phase: An economic crisis occurred!
2025-04-23 23:01:26,058 [INFO] 
=== Day 52 ===
2025-04-23 23:01:26,059 [INFO] Market prices : 1
2025-04-23 23:01:26,059 [INFO] Economy Summary:
- Unemployment: 22.0%
- Inventory: 3256.0 
- Daily GDP: 78.0
- Daily production: 78.0
- Average workers' Wealth: -86.9
- Factory wealth: 3669.5
- Market daily sales: 858.0

2025-04-23 23:01:26,059 [INFO] Economic Phase: An economic crisis occurred!
2025-04-23 23:01:26,059 [INFO] 
=== Day 53 ===
2025-04-23 23:01:26,059 [INFO] Market prices : 1
2025-04-23 23:01:26,059 [INFO] Economy Summary:
- Unemployment: 22.0%
- Inventory: 3334.0 
- Daily GDP: 78.0
- Daily production: 78.0
- Average workers' Wealth: -89.5
- Factory wealth: 3355.0
- Market daily sales: 858.0

2025-04-23 23:01:26,059 [INFO] Economic Phase: An economic crisis occurred!
2025-04-23 23:01:26,059 [INFO] 
=== Day 54 ===
2025-04-23 23:01:26,060 [INFO] Market prices : 1
2025-04-23 23:01:26,060 [INFO] Economy Summary:
- Unemployment: 22.0%
- Inventory: 3412.0 
- Daily GDP: 78.0
- Daily production: 78.0
- Average workers' Wealth: -92.1
- Factory wealth: 3040.5
- Market daily sales: 858.0

2025-04-23 23:01:26,060 [INFO] Economic Phase: An economic crisis occurred!
2025-04-23 23:01:26,060 [INFO] 
=== Day 55 ===
2025-04-23 23:01:26,060 [INFO] Market prices : 1
2025-04-23 23:01:26,060 [INFO] Economy Summary:
- Unemployment: 22.0%
- Inventory: 3490.0 
- Daily GDP: 78.0
- Daily production: 78.0
- Average workers' Wealth: -94.7
- Factory wealth: 2726.0
- Market daily sales: 858.0

2025-04-23 23:01:26,060 [INFO] Economic Phase: An economic crisis occurred!
2025-04-23 23:01:26,060 [INFO] 
=== Day 56 ===
2025-04-23 23:01:26,060 [INFO] Market prices : 1
2025-04-23 23:01:26,061 [INFO] Economy Summary:
- Unemployment: 22.0%
- Inventory: 3568.0 
- Daily GDP: 78.0
- Daily production: 78.0
- Average workers' Wealth: -97.3
- Factory wealth: 2411.5
- Market daily sales: 858.0

2025-04-23 23:01:26,061 [INFO] Economic Phase: An economic crisis occurred!
2025-04-23 23:01:26,061 [INFO] 
=== Day 57 ===
2025-04-23 23:01:26,061 [INFO] Market prices : 1
2025-04-23 23:01:26,061 [INFO] Economy Summary:
- Unemployment: 22.0%
- Inventory: 3646.0 
- Daily GDP: 78.0
- Daily production: 78.0
- Average workers' Wealth: -99.9
- Factory wealth: 2097.0
- Market daily sales: 858.0

2025-04-23 23:01:26,061 [INFO] Economic Phase: An economic crisis occurred!
2025-04-23 23:01:26,061 [INFO] 
=== Day 58 ===
2025-04-23 23:01:26,061 [INFO] Market prices : 1
2025-04-23 23:01:26,061 [INFO] Economy Summary:
- Unemployment: 22.0%
- Inventory: 3724.0 
- Daily GDP: 78.0
- Daily production: 78.0
- Average workers' Wealth: -102.5
- Factory wealth: 1782.5
- Market daily sales: 858.0

2025-04-23 23:01:26,061 [INFO] Economic Phase: An economic crisis occurred!
2025-04-23 23:01:26,061 [INFO] 
=== Day 59 ===
2025-04-23 23:01:26,062 [INFO] Market prices : 1
2025-04-23 23:01:26,062 [INFO] Economy Summary:
- Unemployment: 22.0%
- Inventory: 3802.0 
- Daily GDP: 78.0
- Daily production: 78.0
- Average workers' Wealth: -105.1
- Factory wealth: 1468.0
- Market daily sales: 858.0

2025-04-23 23:01:26,062 [INFO] Economic Phase: An economic crisis occurred!
2025-04-23 23:01:26,062 [INFO] 
=== Day 60 ===
2025-04-23 23:01:26,062 [INFO] Market prices : 1
2025-04-23 23:01:26,062 [INFO] Factory 0 adjusted production ratio: 0.5  
2025-04-23 23:01:26,062 [INFO] Economy Summary:
- Unemployment: 24.0%
- Inventory: 3878.0 
- Daily GDP: 76.0
- Daily production: 76.0
- Average workers' Wealth: -107.7
- Factory wealth: 1159.0
- Market daily sales: 858.0

2025-04-23 23:01:26,062 [INFO] Economic Phase: An economic crisis occurred!
2025-04-23 23:01:26,062 [INFO] 
=== Day 61 ===
2025-04-23 23:01:26,063 [INFO] Market prices : 1
2025-04-23 23:01:26,063 [INFO] Economy Summary:
- Unemployment: 24.0%
- Inventory: 3954.0 
- Daily GDP: 76.0
- Daily production: 76.0
- Average workers' Wealth: -110.4
- Factory wealth: 850.0
- Market daily sales: 858.0

2025-04-23 23:01:26,063 [INFO] Economic Phase: An economic crisis occurred!
2025-04-23 23:01:26,063 [INFO] 
=== Day 62 ===
2025-04-23 23:01:26,063 [INFO] Market prices : 1
2025-04-23 23:01:26,063 [INFO] Economy Summary:
- Unemployment: 24.0%
- Inventory: 4030.0 
- Daily GDP: 76.0
- Daily production: 76.0
- Average workers' Wealth: -113.0
- Factory wealth: 541.0
- Market daily sales: 858.0

2025-04-23 23:01:26,063 [INFO] Economic Phase: An economic crisis occurred!
2025-04-23 23:01:26,063 [INFO] 
=== Day 63 ===
2025-04-23 23:01:26,063 [INFO] Market prices : 1
2025-04-23 23:01:26,064 [INFO] Economy Summary:
- Unemployment: 24.0%
- Inventory: 4106.0 
- Daily GDP: 76.0
- Daily production: 76.0
- Average workers' Wealth: -115.6
- Factory wealth: 232.0
- Market daily sales: 858.0

2025-04-23 23:01:26,064 [INFO] Economic Phase: An economic crisis occurred!
2025-04-23 23:01:26,064 [INFO] 
=== Day 64 ===
2025-04-23 23:01:26,064 [INFO] Market prices : 1
2025-04-23 23:01:26,064 [INFO] Economy Summary:
- Unemployment: 24.0%
- Inventory: 4182.0 
- Daily GDP: 76.0
- Daily production: 76.0
- Average workers' Wealth: -118.2
- Factory wealth: -77.0
- Market daily sales: 858.0

2025-04-23 23:01:26,064 [INFO] Economic Phase: An economic crisis occurred!
2025-04-23 23:01:26,064 [INFO] 
=== Day 65 ===
2025-04-23 23:01:26,064 [INFO] Market prices : 1
2025-04-23 23:01:26,064 [INFO] Economy Summary:
- Unemployment: 24.0%
- Inventory: 4258.0 
- Daily GDP: 76.0
- Daily production: 76.0
- Average workers' Wealth: -120.8
- Factory wealth: -386.0
- Market daily sales: 858.0

2025-04-23 23:01:26,064 [INFO] Economic Phase: An economic crisis occurred!
2025-04-23 23:01:26,064 [INFO] 
=== Day 66 ===
2025-04-23 23:01:26,065 [INFO] Market prices : 1
2025-04-23 23:01:26,065 [INFO] Economy Summary:
- Unemployment: 24.0%
- Inventory: 4334.0 
- Daily GDP: 76.0
- Daily production: 76.0
- Average workers' Wealth: -123.5
- Factory wealth: -695.0
- Market daily sales: 858.0

2025-04-23 23:01:26,065 [INFO] Economic Phase: An economic crisis occurred!
2025-04-23 23:01:26,065 [INFO] 
=== Day 67 ===
2025-04-23 23:01:26,065 [INFO] Market prices : 1
2025-04-23 23:01:26,065 [INFO] Economy Summary:
- Unemployment: 24.0%
- Inventory: 4410.0 
- Daily GDP: 76.0
- Daily production: 76.0
- Average workers' Wealth: -126.1
- Factory wealth: -1004.0
- Market daily sales: 858.0

2025-04-23 23:01:26,065 [INFO] Economic Phase: An economic crisis occurred!
2025-04-23 23:01:26,065 [INFO] 
=== Day 68 ===
2025-04-23 23:01:26,066 [INFO] Market prices : 1
2025-04-23 23:01:26,066 [INFO] Economy Summary:
- Unemployment: 24.0%
- Inventory: 4486.0 
- Daily GDP: 76.0
- Daily production: 76.0
- Average workers' Wealth: -128.7
- Factory wealth: -1313.0
- Market daily sales: 858.0

2025-04-23 23:01:26,066 [INFO] Economic Phase: An economic crisis occurred!
2025-04-23 23:01:26,066 [INFO] 
=== Day 69 ===
2025-04-23 23:01:26,066 [INFO] Market prices : 1
2025-04-23 23:01:26,066 [INFO] Economy Summary:
- Unemployment: 24.0%
- Inventory: 4562.0 
- Daily GDP: 76.0
- Daily production: 76.0
- Average workers' Wealth: -131.3
- Factory wealth: -1622.0
- Market daily sales: 858.0

2025-04-23 23:01:26,066 [INFO] Economic Phase: An economic crisis occurred!
2025-04-23 23:01:26,066 [INFO] 
=== Day 70 ===
2025-04-23 23:01:26,066 [INFO] Market prices : 1
2025-04-23 23:01:26,067 [INFO] Economy Summary:
- Unemployment: 24.0%
- Inventory: 4638.0 
- Daily GDP: 76.0
- Daily production: 76.0
- Average workers' Wealth: -133.9
- Factory wealth: -1931.0
- Market daily sales: 858.0

2025-04-23 23:01:26,067 [INFO] Economic Phase: An economic crisis occurred!
2025-04-23 23:01:26,067 [INFO] 
=== Day 71 ===
2025-04-23 23:01:26,067 [INFO] Market prices : 1
2025-04-23 23:01:26,067 [INFO] Economy Summary:
- Unemployment: 24.0%
- Inventory: 4714.0 
- Daily GDP: 76.0
- Daily production: 76.0
- Average workers' Wealth: -136.6
- Factory wealth: -2240.0
- Market daily sales: 858.0

2025-04-23 23:01:26,067 [INFO] Economic Phase: An economic crisis occurred!
2025-04-23 23:01:26,067 [INFO] 
=== Day 72 ===
2025-04-23 23:01:26,067 [INFO] Market prices : 1
2025-04-23 23:01:26,067 [INFO] Economy Summary:
- Unemployment: 24.0%
- Inventory: 4790.0 
- Daily GDP: 76.0
- Daily production: 76.0
- Average workers' Wealth: -139.2
- Factory wealth: -2549.0
- Market daily sales: 858.0

2025-04-23 23:01:26,067 [INFO] Economic Phase: An economic crisis occurred!
2025-04-23 23:01:26,067 [INFO] 
=== Day 73 ===
2025-04-23 23:01:26,068 [INFO] Market prices : 1
2025-04-23 23:01:26,068 [INFO] Economy Summary:
- Unemployment: 24.0%
- Inventory: 4866.0 
- Daily GDP: 76.0
- Daily production: 76.0
- Average workers' Wealth: -141.8
- Factory wealth: -2858.0
- Market daily sales: 858.0

2025-04-23 23:01:26,068 [INFO] Economic Phase: An economic crisis occurred!
2025-04-23 23:01:26,068 [INFO] 
=== Day 74 ===
2025-04-23 23:01:26,068 [INFO] Market prices : 1
2025-04-23 23:01:26,068 [INFO] Economy Summary:
- Unemployment: 24.0%
- Inventory: 4942.0 
- Daily GDP: 76.0
- Daily production: 76.0
- Average workers' Wealth: -144.4
- Factory wealth: -3167.0
- Market daily sales: 858.0

2025-04-23 23:01:26,068 [INFO] Economic Phase: An economic crisis occurred!
2025-04-23 23:01:26,068 [INFO] 
=== Day 75 ===
2025-04-23 23:01:26,069 [INFO] Market prices : 1
2025-04-23 23:01:26,069 [INFO] Economy Summary:
- Unemployment: 24.0%
- Inventory: 5018.0 
- Daily GDP: 76.0
- Daily production: 76.0
- Average workers' Wealth: -147.0
- Factory wealth: -3476.0
- Market daily sales: 858.0

2025-04-23 23:01:26,069 [INFO] Economic Phase: An economic crisis occurred!
2025-04-23 23:01:26,069 [INFO] 
=== Day 76 ===
2025-04-23 23:01:26,069 [INFO] Market prices : 1
2025-04-23 23:01:26,069 [INFO] Economy Summary:
- Unemployment: 24.0%
- Inventory: 5094.0 
- Daily GDP: 76.0
- Daily production: 76.0
- Average workers' Wealth: -149.7
- Factory wealth: -3785.0
- Market daily sales: 858.0

2025-04-23 23:01:26,069 [INFO] Economic Phase: An economic crisis occurred!
2025-04-23 23:01:26,069 [INFO] 
=== Day 77 ===
2025-04-23 23:01:26,069 [INFO] Market prices : 1
2025-04-23 23:01:26,069 [INFO] Economy Summary:
- Unemployment: 24.0%
- Inventory: 5170.0 
- Daily GDP: 76.0
- Daily production: 76.0
- Average workers' Wealth: -152.3
- Factory wealth: -4094.0
- Market daily sales: 858.0

2025-04-23 23:01:26,069 [INFO] Economic Phase: An economic crisis occurred!
2025-04-23 23:01:26,070 [INFO] 
=== Day 78 ===
2025-04-23 23:01:26,070 [INFO] Market prices : 1
2025-04-23 23:01:26,070 [INFO] Economy Summary:
- Unemployment: 24.0%
- Inventory: 5246.0 
- Daily GDP: 76.0
- Daily production: 76.0
- Average workers' Wealth: -154.9
- Factory wealth: -4403.0
- Market daily sales: 858.0

2025-04-23 23:01:26,070 [INFO] Economic Phase: An economic crisis occurred!
2025-04-23 23:01:26,070 [INFO] 
=== Day 79 ===
2025-04-23 23:01:26,070 [INFO] Market prices : 1
2025-04-23 23:01:26,070 [INFO] Economy Summary:
- Unemployment: 24.0%
- Inventory: 5322.0 
- Daily GDP: 76.0
- Daily production: 76.0
- Average workers' Wealth: -157.5
- Factory wealth: -4712.0
- Market daily sales: 858.0

2025-04-23 23:01:26,070 [INFO] Economic Phase: An economic crisis occurred!
2025-04-23 23:01:26,070 [INFO] 
=== Day 80 ===
2025-04-23 23:01:26,071 [INFO] Market prices : 1
2025-04-23 23:01:26,071 [INFO] Economy Summary:
- Unemployment: 24.0%
- Inventory: 5398.0 
- Daily GDP: 76.0
- Daily production: 76.0
- Average workers' Wealth: -160.1
- Factory wealth: -5021.0
- Market daily sales: 858.0

2025-04-23 23:01:26,071 [INFO] Economic Phase: An economic crisis occurred!
2025-04-23 23:01:26,071 [INFO] 
=== Day 81 ===
2025-04-23 23:01:26,071 [INFO] Market prices : 1
2025-04-23 23:01:26,071 [INFO] Economy Summary:
- Unemployment: 24.0%
- Inventory: 5474.0 
- Daily GDP: 76.0
- Daily production: 76.0
- Average workers' Wealth: -162.8
- Factory wealth: -5330.0
- Market daily sales: 858.0

2025-04-23 23:01:26,071 [INFO] Economic Phase: An economic crisis occurred!
2025-04-23 23:01:26,071 [INFO] 
=== Day 82 ===
2025-04-23 23:01:26,071 [INFO] Market prices : 1
2025-04-23 23:01:26,072 [INFO] Economy Summary:
- Unemployment: 24.0%
- Inventory: 5550.0 
- Daily GDP: 76.0
- Daily production: 76.0
- Average workers' Wealth: -165.4
- Factory wealth: -5639.0
- Market daily sales: 858.0

2025-04-23 23:01:26,072 [INFO] Economic Phase: An economic crisis occurred!
2025-04-23 23:01:26,072 [INFO] 
=== Day 83 ===
2025-04-23 23:01:26,072 [INFO] Market prices : 1
2025-04-23 23:01:26,072 [INFO] Economy Summary:
- Unemployment: 24.0%
- Inventory: 5626.0 
- Daily GDP: 76.0
- Daily production: 76.0
- Average workers' Wealth: -168.0
- Factory wealth: -5948.0
- Market daily sales: 858.0

2025-04-23 23:01:26,072 [INFO] Economic Phase: An economic crisis occurred!
2025-04-23 23:01:26,072 [INFO] 
=== Day 84 ===
2025-04-23 23:01:26,072 [INFO] Market prices : 1
2025-04-23 23:01:26,072 [INFO] Economy Summary:
- Unemployment: 24.0%
- Inventory: 5702.0 
- Daily GDP: 76.0
- Daily production: 76.0
- Average workers' Wealth: -170.6
- Factory wealth: -6257.0
- Market daily sales: 858.0

2025-04-23 23:01:26,072 [INFO] Economic Phase: An economic crisis occurred!
2025-04-23 23:01:26,072 [INFO] 
=== Day 85 ===
2025-04-23 23:01:26,073 [INFO] Market prices : 1
2025-04-23 23:01:26,073 [INFO] Economy Summary:
- Unemployment: 24.0%
- Inventory: 5778.0 
- Daily GDP: 76.0
- Daily production: 76.0
- Average workers' Wealth: -173.2
- Factory wealth: -6566.0
- Market daily sales: 858.0

2025-04-23 23:01:26,073 [INFO] Economic Phase: An economic crisis occurred!
2025-04-23 23:01:26,073 [INFO] 
=== Day 86 ===
2025-04-23 23:01:26,073 [INFO] Market prices : 1
2025-04-23 23:01:26,073 [INFO] Economy Summary:
- Unemployment: 24.0%
- Inventory: 5854.0 
- Daily GDP: 76.0
- Daily production: 76.0
- Average workers' Wealth: -175.9
- Factory wealth: -6875.0
- Market daily sales: 858.0

2025-04-23 23:01:26,073 [INFO] Economic Phase: An economic crisis occurred!
2025-04-23 23:01:26,073 [INFO] 
=== Day 87 ===
2025-04-23 23:01:26,074 [INFO] Market prices : 1
2025-04-23 23:01:26,074 [INFO] Economy Summary:
- Unemployment: 24.0%
- Inventory: 5930.0 
- Daily GDP: 76.0
- Daily production: 76.0
- Average workers' Wealth: -178.5
- Factory wealth: -7184.0
- Market daily sales: 858.0

2025-04-23 23:01:26,074 [INFO] Economic Phase: An economic crisis occurred!
2025-04-23 23:01:26,074 [INFO] 
=== Day 88 ===
2025-04-23 23:01:26,074 [INFO] Market prices : 1
2025-04-23 23:01:26,074 [INFO] Economy Summary:
- Unemployment: 24.0%
- Inventory: 6006.0 
- Daily GDP: 76.0
- Daily production: 76.0
- Average workers' Wealth: -181.1
- Factory wealth: -7493.0
- Market daily sales: 858.0

2025-04-23 23:01:26,074 [INFO] Economic Phase: An economic crisis occurred!
2025-04-23 23:01:26,074 [INFO] 
=== Day 89 ===
2025-04-23 23:01:26,075 [INFO] Market prices : 1
2025-04-23 23:01:26,075 [INFO] Economy Summary:
- Unemployment: 24.0%
- Inventory: 6082.0 
- Daily GDP: 76.0
- Daily production: 76.0
- Average workers' Wealth: -183.7
- Factory wealth: -7802.0
- Market daily sales: 858.0

2025-04-23 23:01:26,075 [INFO] Economic Phase: An economic crisis occurred!
2025-04-23 23:01:26,075 [INFO] 
=== Day 90 ===
2025-04-23 23:01:26,075 [INFO] Market prices : 1
2025-04-23 23:01:26,075 [INFO] Factory 0 adjusted production ratio: 0.5  
2025-04-23 23:01:26,075 [INFO] Economy Summary:
- Unemployment: 26.0%
- Inventory: 6156.0 
- Daily GDP: 74.0
- Daily production: 74.0
- Average workers' Wealth: -186.3
- Factory wealth: -8105.5
- Market daily sales: 858.0

2025-04-23 23:01:26,075 [INFO] Economic Phase: An economic crisis occurred!
2025-04-23 23:01:26,075 [INFO] 
=== Day 91 ===
2025-04-23 23:01:26,075 [INFO] Market prices : 1
2025-04-23 23:01:26,076 [INFO] Economy Summary:
- Unemployment: 26.0%
- Inventory: 6230.0 
- Daily GDP: 74.0
- Daily production: 74.0
- Average workers' Wealth: -189.0
- Factory wealth: -8409.0
- Market daily sales: 858.0

2025-04-23 23:01:26,076 [INFO] Economic Phase: An economic crisis occurred!
2025-04-23 23:01:26,076 [INFO] 
=== Day 92 ===
2025-04-23 23:01:26,076 [INFO] Market prices : 1
2025-04-23 23:01:26,076 [INFO] Economy Summary:
- Unemployment: 26.0%
- Inventory: 6304.0 
- Daily GDP: 74.0
- Daily production: 74.0
- Average workers' Wealth: -191.6
- Factory wealth: -8712.5
- Market daily sales: 858.0

2025-04-23 23:01:26,076 [INFO] Economic Phase: An economic crisis occurred!
2025-04-23 23:01:26,076 [INFO] 
=== Day 93 ===
2025-04-23 23:01:26,076 [INFO] Market prices : 1
2025-04-23 23:01:26,076 [INFO] Economy Summary:
- Unemployment: 26.0%
- Inventory: 6378.0 
- Daily GDP: 74.0
- Daily production: 74.0
- Average workers' Wealth: -194.2
- Factory wealth: -9016.0
- Market daily sales: 858.0

2025-04-23 23:01:26,076 [INFO] Economic Phase: An economic crisis occurred!
2025-04-23 23:01:26,077 [INFO] 
=== Day 94 ===
2025-04-23 23:01:26,077 [INFO] Market prices : 1
2025-04-23 23:01:26,077 [INFO] Economy Summary:
- Unemployment: 26.0%
- Inventory: 6452.0 
- Daily GDP: 74.0
- Daily production: 74.0
- Average workers' Wealth: -196.9
- Factory wealth: -9319.5
- Market daily sales: 858.0

2025-04-23 23:01:26,077 [INFO] Economic Phase: An economic crisis occurred!
2025-04-23 23:01:26,077 [INFO] 
=== Day 95 ===
2025-04-23 23:01:26,077 [INFO] Market prices : 1
2025-04-23 23:01:26,077 [INFO] Economy Summary:
- Unemployment: 26.0%
- Inventory: 6526.0 
- Daily GDP: 74.0
- Daily production: 74.0
- Average workers' Wealth: -199.5
- Factory wealth: -9623.0
- Market daily sales: 858.0

2025-04-23 23:01:26,077 [INFO] Economic Phase: An economic crisis occurred!
2025-04-23 23:01:26,077 [INFO] 
=== Day 96 ===
2025-04-23 23:01:26,078 [INFO] Market prices : 1
2025-04-23 23:01:26,078 [INFO] Economy Summary:
- Unemployment: 26.0%
- Inventory: 6600.0 
- Daily GDP: 74.0
- Daily production: 74.0
- Average workers' Wealth: -202.1
- Factory wealth: -9926.5
- Market daily sales: 858.0

2025-04-23 23:01:26,078 [INFO] Economic Phase: An economic crisis occurred!
2025-04-23 23:01:26,078 [INFO] 
=== Day 97 ===
2025-04-23 23:01:26,078 [INFO] Market prices : 1
2025-04-23 23:01:26,078 [INFO] Economy Summary:
- Unemployment: 26.0%
- Inventory: 6674.0 
- Daily GDP: 74.0
- Daily production: 74.0
- Average workers' Wealth: -204.8
- Factory wealth: -10230.0
- Market daily sales: 858.0

2025-04-23 23:01:26,078 [INFO] Economic Phase: An economic crisis occurred!
2025-04-23 23:01:26,078 [INFO] 
=== Day 98 ===
2025-04-23 23:01:26,079 [INFO] Market prices : 1
2025-04-23 23:01:26,079 [INFO] Economy Summary:
- Unemployment: 26.0%
- Inventory: 6748.0 
- Daily GDP: 74.0
- Daily production: 74.0
- Average workers' Wealth: -207.4
- Factory wealth: -10533.5
- Market daily sales: 858.0

2025-04-23 23:01:26,079 [INFO] Economic Phase: An economic crisis occurred!
2025-04-23 23:01:26,079 [INFO] 
=== Day 99 ===
2025-04-23 23:01:26,079 [INFO] Market prices : 1
2025-04-23 23:01:26,079 [INFO] Economy Summary:
- Unemployment: 26.0%
- Inventory: 6822.0 
- Daily GDP: 74.0
- Daily production: 74.0
- Average workers' Wealth: -210.0
- Factory wealth: -10837.0
- Market daily sales: 858.0

2025-04-23 23:01:26,079 [INFO] Economic Phase: An economic crisis occurred!
2025-04-23 23:01:26,079 [INFO] 
=== Day 100 ===
2025-04-23 23:01:26,080 [INFO] Market prices : 1
2025-04-23 23:01:26,080 [INFO] Economy Summary:
- Unemployment: 26.0%
- Inventory: 6896.0 
- Daily GDP: 74.0
- Daily production: 74.0
- Average workers' Wealth: -212.6
- Factory wealth: -11140.5
- Market daily sales: 858.0

2025-04-23 23:01:26,080 [INFO] Economic Phase: An economic crisis occurred!
